<nemea-supervisor xmlns="urn:ietf:params:xml:ns:yang:nemea" xmlns:tm="urn:ietf:params:xml:ns:yang:test-module">
  <module-group>
    <name>grp</name>
    <enabled>true</enabled>
		<module>
			<name>xx</name>
			<path>/easdf/asdf/ddd</path>
			<instance>
				<name>module</name>
				<enabled>true</enabled>
				<specific-conf>
					<name>test-module</name>
					<tm:blabla>werwer</tm:blabla>
				</specific-conf>
			</instance>
		</module>

		<module>
			<name>asdf</name>
			<path>/easdf/asdf/ddd</path>
			<instance>
				<name>module</name>
				<enabled>true</enabled>
				<specific-conf>
					<name>test-module</name>
					<tm:blabla>werwer</tm:blabla>
				</specific-conf>
			</instance>
		</module>

  </module-group>
</nemea-supervisor>
